2024-02-21T13:17:15.502+01:00  INFO 9852 --- [main] ProyectoFinal.Banco.BancoApplication     : Starting BancoApplication using Java 21.0.2 with PID 9852 (C:\Users\Puesto17\Desktop\Banco\target\classes started by Puesto17 in C:\Users\Puesto17\Desktop\Banco)
2024-02-21T13:17:15.507+01:00  INFO 9852 --- [main] ProyectoFinal.Banco.BancoApplication     : No active profile set, falling back to 1 default profile: "default"
2024-02-21T13:17:16.416+01:00  INFO 9852 --- [main] .s.d.r.c.RepositoryConfigurationDelegate : Bootstrapping Spring Data JPA repositories in DEFAULT mode.
2024-02-21T13:17:16.527+01:00  INFO 9852 --- [main] .s.d.r.c.RepositoryConfigurationDelegate : Finished Spring Data repository scanning in 98 ms. Found 5 JPA repository interfaces.
2024-02-21T13:17:17.562+01:00  INFO 9852 --- [main] o.s.b.w.embedded.tomcat.TomcatWebServer  : Tomcat initialized with port 8080 (http)
2024-02-21T13:17:17.576+01:00  INFO 9852 --- [main] o.apache.catalina.core.StandardService   : Starting service [Tomcat]
2024-02-21T13:17:17.576+01:00  INFO 9852 --- [main] o.apache.catalina.core.StandardEngine    : Starting Servlet engine: [Apache Tomcat/10.1.16]
2024-02-21T13:17:17.660+01:00  INFO 9852 --- [main] o.a.c.c.C.[Tomcat].[localhost].[/]       : Initializing Spring embedded WebApplicationContext
2024-02-21T13:17:17.662+01:00  INFO 9852 --- [main] w.s.c.ServletWebServerApplicationContext : Root WebApplicationContext: initialization completed in 2098 ms
2024-02-21T13:17:17.981+01:00  INFO 9852 --- [main] o.hibernate.jpa.internal.util.LogHelper  : HHH000204: Processing PersistenceUnitInfo [name: default]
2024-02-21T13:17:18.060+01:00  INFO 9852 --- [main] org.hibernate.Version                    : HHH000412: Hibernate ORM core version 6.3.1.Final
2024-02-21T13:17:18.116+01:00  INFO 9852 --- [main] o.h.c.internal.RegionFactoryInitiator    : HHH000026: Second-level cache disabled
2024-02-21T13:17:18.602+01:00  INFO 9852 --- [main] o.s.o.j.p.SpringPersistenceUnitInfo      : No LoadTimeWeaver setup: ignoring JPA class transformer
2024-02-21T13:17:18.630+01:00  INFO 9852 --- [main] com.zaxxer.hikari.HikariDataSource       : HikariPool-1 - Starting...
2024-02-21T13:17:18.850+01:00  INFO 9852 --- [main] com.zaxxer.hikari.pool.HikariPool        : HikariPool-1 - Added connection org.postgresql.jdbc.PgConnection@4ccdacf5
2024-02-21T13:17:18.853+01:00  INFO 9852 --- [main] com.zaxxer.hikari.HikariDataSource       : HikariPool-1 - Start completed.
2024-02-21T13:17:18.890+01:00  WARN 9852 --- [main] org.hibernate.orm.deprecation            : HHH90000025: PostgreSQLDialect does not need to be specified explicitly using 'hibernate.dialect' (remove the property setting and it will be selected by default)
2024-02-21T13:17:20.027+01:00  INFO 9852 --- [main] o.h.e.t.j.p.i.JtaPlatformInitiator       : HHH000489: No JTA platform available (set 'hibernate.transaction.jta.platform' to enable JTA platform integration)
2024-02-21T13:17:20.157+01:00  INFO 9852 --- [main] j.LocalContainerEntityManagerFactoryBean : Initialized JPA EntityManagerFactory for persistence unit 'default'
2024-02-21T13:17:21.367+01:00  WARN 9852 --- [main] JpaBaseConfiguration$JpaWebConfiguration : spring.jpa.open-in-view is enabled by default. Therefore, database queries may be performed during view rendering. Explicitly configure spring.jpa.open-in-view to disable this warning
2024-02-21T13:17:21.513+01:00  INFO 9852 --- [main] o.s.b.a.w.s.WelcomePageHandlerMapping    : Adding welcome page template: index
2024-02-21T13:17:22.459+01:00  INFO 9852 --- [main] o.s.s.web.DefaultSecurityFilterChain     : Will secure any request with [org.springframework.security.web.session.DisableEncodeUrlFilter@4205d1c9, org.springframework.security.web.context.request.async.WebAsyncManagerIntegrationFilter@4512f5f1, org.springframework.security.web.context.SecurityContextHolderFilter@643f8ebe, org.springframework.security.web.header.HeaderWriterFilter@6bbd4048, org.springframework.web.filter.CorsFilter@2a22e7e2, org.springframework.security.web.csrf.CsrfFilter@23d0f6be, org.springframework.security.web.authentication.logout.LogoutFilter@30b0d5a7, org.springframework.security.web.authentication.UsernamePasswordAuthenticationFilter@4cf46574, org.springframework.security.web.savedrequest.RequestCacheAwareFilter@30a99b85, org.springframework.security.web.servletapi.SecurityContextHolderAwareRequestFilter@386d41cb, org.springframework.security.web.authentication.AnonymousAuthenticationFilter@3bfead8d, org.springframework.security.web.access.ExceptionTranslationFilter@7dd92a36, org.springframework.security.web.access.intercept.AuthorizationFilter@37f60cd4]
2024-02-21T13:17:23.033+01:00  INFO 9852 --- [main] o.s.b.w.embedded.tomcat.TomcatWebServer  : Tomcat started on port 8080 (http) with context path ''
2024-02-21T13:17:23.044+01:00  INFO 9852 --- [main] ProyectoFinal.Banco.BancoApplication     : Started BancoApplication in 8.018 seconds (process running for 8.432)
2024-02-21T13:17:35.443+01:00  INFO 9852 --- [http-nio-8080-exec-2] o.a.c.c.C.[Tomcat].[localhost].[/]       : Initializing Spring DispatcherServlet 'dispatcherServlet'
2024-02-21T13:17:35.444+01:00  INFO 9852 --- [http-nio-8080-exec-2] o.s.web.servlet.DispatcherServlet        : Initializing Servlet 'dispatcherServlet'
2024-02-21T13:17:35.446+01:00  INFO 9852 --- [http-nio-8080-exec-2] o.s.web.servlet.DispatcherServlet        : Completed initialization in 1 ms
2024-02-21T13:17:35.460+01:00  WARN 9852 --- [http-nio-8080-exec-2] o.s.w.s.h.HandlerMappingIntrospector     : Cache miss for REQUEST dispatch to '/privada/home' (previous null). Performing CorsConfiguration lookup. This is logged once only at WARN level, and every time at TRACE.
2024-02-21T13:17:35.484+01:00  WARN 9852 --- [http-nio-8080-exec-2] o.s.w.s.h.HandlerMappingIntrospector     : Cache miss for REQUEST dispatch to '/privada/home' (previous null). Performing MatchableHandlerMapping lookup. This is logged once only at WARN level, and every time at TRACE.
2024-02-21T13:19:23.967+01:00  INFO 14172 --- [main] ProyectoFinal.Banco.BancoApplication     : Starting BancoApplication using Java 21.0.2 with PID 14172 (C:\Users\Puesto17\Desktop\Banco\target\classes started by Puesto17 in C:\Users\Puesto17\Desktop\Banco)
2024-02-21T13:19:23.972+01:00  INFO 14172 --- [main] ProyectoFinal.Banco.BancoApplication     : No active profile set, falling back to 1 default profile: "default"
2024-02-21T13:19:24.791+01:00  INFO 14172 --- [main] .s.d.r.c.RepositoryConfigurationDelegate : Bootstrapping Spring Data JPA repositories in DEFAULT mode.
2024-02-21T13:19:24.898+01:00  INFO 14172 --- [main] .s.d.r.c.RepositoryConfigurationDelegate : Finished Spring Data repository scanning in 94 ms. Found 5 JPA repository interfaces.
2024-02-21T13:19:25.951+01:00  INFO 14172 --- [main] o.s.b.w.embedded.tomcat.TomcatWebServer  : Tomcat initialized with port 8080 (http)
2024-02-21T13:19:25.965+01:00  INFO 14172 --- [main] o.apache.catalina.core.StandardService   : Starting service [Tomcat]
2024-02-21T13:19:25.966+01:00  INFO 14172 --- [main] o.apache.catalina.core.StandardEngine    : Starting Servlet engine: [Apache Tomcat/10.1.16]
2024-02-21T13:19:26.055+01:00  INFO 14172 --- [main] o.a.c.c.C.[Tomcat].[localhost].[/]       : Initializing Spring embedded WebApplicationContext
2024-02-21T13:19:26.060+01:00  INFO 14172 --- [main] w.s.c.ServletWebServerApplicationContext : Root WebApplicationContext: initialization completed in 2021 ms
2024-02-21T13:19:26.380+01:00  INFO 14172 --- [main] o.hibernate.jpa.internal.util.LogHelper  : HHH000204: Processing PersistenceUnitInfo [name: default]
2024-02-21T13:19:26.449+01:00  INFO 14172 --- [main] org.hibernate.Version                    : HHH000412: Hibernate ORM core version 6.3.1.Final
2024-02-21T13:19:26.491+01:00  INFO 14172 --- [main] o.h.c.internal.RegionFactoryInitiator    : HHH000026: Second-level cache disabled
2024-02-21T13:19:26.772+01:00  INFO 14172 --- [main] o.s.o.j.p.SpringPersistenceUnitInfo      : No LoadTimeWeaver setup: ignoring JPA class transformer
2024-02-21T13:19:26.801+01:00  INFO 14172 --- [main] com.zaxxer.hikari.HikariDataSource       : HikariPool-1 - Starting...
2024-02-21T13:19:27.028+01:00  INFO 14172 --- [main] com.zaxxer.hikari.pool.HikariPool        : HikariPool-1 - Added connection org.postgresql.jdbc.PgConnection@640a8f93
2024-02-21T13:19:27.033+01:00  INFO 14172 --- [main] com.zaxxer.hikari.HikariDataSource       : HikariPool-1 - Start completed.
2024-02-21T13:19:27.071+01:00  WARN 14172 --- [main] org.hibernate.orm.deprecation            : HHH90000025: PostgreSQLDialect does not need to be specified explicitly using 'hibernate.dialect' (remove the property setting and it will be selected by default)
2024-02-21T13:19:28.174+01:00  INFO 14172 --- [main] o.h.e.t.j.p.i.JtaPlatformInitiator       : HHH000489: No JTA platform available (set 'hibernate.transaction.jta.platform' to enable JTA platform integration)
2024-02-21T13:19:28.315+01:00  INFO 14172 --- [main] j.LocalContainerEntityManagerFactoryBean : Initialized JPA EntityManagerFactory for persistence unit 'default'
2024-02-21T13:19:29.889+01:00  WARN 14172 --- [main] JpaBaseConfiguration$JpaWebConfiguration : spring.jpa.open-in-view is enabled by default. Therefore, database queries may be performed during view rendering. Explicitly configure spring.jpa.open-in-view to disable this warning
2024-02-21T13:19:30.038+01:00  INFO 14172 --- [main] o.s.b.a.w.s.WelcomePageHandlerMapping    : Adding welcome page template: index
2024-02-21T13:19:30.912+01:00  INFO 14172 --- [main] o.s.s.web.DefaultSecurityFilterChain     : Will secure any request with [org.springframework.security.web.session.DisableEncodeUrlFilter@4ed90b04, org.springframework.security.web.context.request.async.WebAsyncManagerIntegrationFilter@686ace1f, org.springframework.security.web.context.SecurityContextHolderFilter@3ed3e66d, org.springframework.security.web.header.HeaderWriterFilter@579cfcc4, org.springframework.web.filter.CorsFilter@7dd92a36, org.springframework.security.web.csrf.CsrfFilter@14af9f51, org.springframework.security.web.authentication.logout.LogoutFilter@23d0f6be, org.springframework.security.web.authentication.UsernamePasswordAuthenticationFilter@5d1907fb, org.springframework.security.web.savedrequest.RequestCacheAwareFilter@d60aa4, org.springframework.security.web.servletapi.SecurityContextHolderAwareRequestFilter@30942f54, org.springframework.security.web.authentication.AnonymousAuthenticationFilter@531ed68e, org.springframework.security.web.access.ExceptionTranslationFilter@85104d6, org.springframework.security.web.access.intercept.AuthorizationFilter@4e9d1119]
2024-02-21T13:19:31.477+01:00  INFO 14172 --- [main] o.s.b.w.embedded.tomcat.TomcatWebServer  : Tomcat started on port 8080 (http) with context path ''
2024-02-21T13:19:31.491+01:00  INFO 14172 --- [main] ProyectoFinal.Banco.BancoApplication     : Started BancoApplication in 7.991 seconds (process running for 8.397)
2024-02-21T13:19:34.617+01:00  INFO 14172 --- [http-nio-8080-exec-1] o.a.c.c.C.[Tomcat].[localhost].[/]       : Initializing Spring DispatcherServlet 'dispatcherServlet'
2024-02-21T13:19:34.617+01:00  INFO 14172 --- [http-nio-8080-exec-1] o.s.web.servlet.DispatcherServlet        : Initializing Servlet 'dispatcherServlet'
2024-02-21T13:19:34.621+01:00  INFO 14172 --- [http-nio-8080-exec-1] o.s.web.servlet.DispatcherServlet        : Completed initialization in 1 ms
2024-02-21T13:19:34.635+01:00  WARN 14172 --- [http-nio-8080-exec-1] o.s.w.s.h.HandlerMappingIntrospector     : Cache miss for REQUEST dispatch to '/privada/cita' (previous null). Performing CorsConfiguration lookup. This is logged once only at WARN level, and every time at TRACE.
2024-02-21T13:19:34.650+01:00  WARN 14172 --- [http-nio-8080-exec-1] o.s.w.s.h.HandlerMappingIntrospector     : Cache miss for REQUEST dispatch to '/privada/cita' (previous null). Performing MatchableHandlerMapping lookup. This is logged once only at WARN level, and every time at TRACE.
2024-02-21T13:23:59.909+01:00  INFO 12404 --- [main] ProyectoFinal.Banco.BancoApplication     : Starting BancoApplication using Java 21.0.2 with PID 12404 (C:\Users\Puesto17\Desktop\Banco\target\classes started by Puesto17 in C:\Users\Puesto17\Desktop\Banco)
2024-02-21T13:23:59.916+01:00  INFO 12404 --- [main] ProyectoFinal.Banco.BancoApplication     : No active profile set, falling back to 1 default profile: "default"
2024-02-21T13:24:00.799+01:00  INFO 12404 --- [main] .s.d.r.c.RepositoryConfigurationDelegate : Bootstrapping Spring Data JPA repositories in DEFAULT mode.
2024-02-21T13:24:00.906+01:00  INFO 12404 --- [main] .s.d.r.c.RepositoryConfigurationDelegate : Finished Spring Data repository scanning in 94 ms. Found 5 JPA repository interfaces.
2024-02-21T13:24:01.959+01:00  INFO 12404 --- [main] o.s.b.w.embedded.tomcat.TomcatWebServer  : Tomcat initialized with port 8080 (http)
2024-02-21T13:24:01.972+01:00  INFO 12404 --- [main] o.apache.catalina.core.StandardService   : Starting service [Tomcat]
2024-02-21T13:24:01.973+01:00  INFO 12404 --- [main] o.apache.catalina.core.StandardEngine    : Starting Servlet engine: [Apache Tomcat/10.1.16]
2024-02-21T13:24:02.055+01:00  INFO 12404 --- [main] o.a.c.c.C.[Tomcat].[localhost].[/]       : Initializing Spring embedded WebApplicationContext
2024-02-21T13:24:02.057+01:00  INFO 12404 --- [main] w.s.c.ServletWebServerApplicationContext : Root WebApplicationContext: initialization completed in 2076 ms
2024-02-21T13:24:02.377+01:00  INFO 12404 --- [main] o.hibernate.jpa.internal.util.LogHelper  : HHH000204: Processing PersistenceUnitInfo [name: default]
2024-02-21T13:24:02.444+01:00  INFO 12404 --- [main] org.hibernate.Version                    : HHH000412: Hibernate ORM core version 6.3.1.Final
2024-02-21T13:24:02.483+01:00  INFO 12404 --- [main] o.h.c.internal.RegionFactoryInitiator    : HHH000026: Second-level cache disabled
2024-02-21T13:24:02.746+01:00  INFO 12404 --- [main] o.s.o.j.p.SpringPersistenceUnitInfo      : No LoadTimeWeaver setup: ignoring JPA class transformer
2024-02-21T13:24:02.775+01:00  INFO 12404 --- [main] com.zaxxer.hikari.HikariDataSource       : HikariPool-1 - Starting...
2024-02-21T13:24:03.008+01:00  INFO 12404 --- [main] com.zaxxer.hikari.pool.HikariPool        : HikariPool-1 - Added connection org.postgresql.jdbc.PgConnection@202f054f
2024-02-21T13:24:03.009+01:00  INFO 12404 --- [main] com.zaxxer.hikari.HikariDataSource       : HikariPool-1 - Start completed.
2024-02-21T13:24:03.044+01:00  WARN 12404 --- [main] org.hibernate.orm.deprecation            : HHH90000025: PostgreSQLDialect does not need to be specified explicitly using 'hibernate.dialect' (remove the property setting and it will be selected by default)
2024-02-21T13:24:04.163+01:00  INFO 12404 --- [main] o.h.e.t.j.p.i.JtaPlatformInitiator       : HHH000489: No JTA platform available (set 'hibernate.transaction.jta.platform' to enable JTA platform integration)
2024-02-21T13:24:04.299+01:00  INFO 12404 --- [main] j.LocalContainerEntityManagerFactoryBean : Initialized JPA EntityManagerFactory for persistence unit 'default'
2024-02-21T13:24:05.107+01:00  INFO 12404 --- [main] P.Banco.seguridad.LogAspecto             : Entrando en el método passwordEncoder() de la clase ProyectoFinal.Banco.seguridad.SeguridadConfig$$SpringCGLIB$$0
2024-02-21T13:24:05.110+01:00  INFO 12404 --- [main] P.Banco.seguridad.LogAspecto             : Saliendo del método passwordEncoder() de la clase ProyectoFinal.Banco.seguridad.SeguridadConfig$$SpringCGLIB$$0
2024-02-21T13:24:05.307+01:00  INFO 12404 --- [main] P.Banco.seguridad.LogAspecto             : Entrando en el método authenticationProvider() de la clase ProyectoFinal.Banco.seguridad.SeguridadConfig$$SpringCGLIB$$0
2024-02-21T13:24:05.320+01:00  INFO 12404 --- [main] P.Banco.seguridad.LogAspecto             : Saliendo del método authenticationProvider() de la clase ProyectoFinal.Banco.seguridad.SeguridadConfig$$SpringCGLIB$$0
2024-02-21T13:24:05.347+01:00  INFO 12404 --- [main] P.Banco.seguridad.LogAspecto             : Entrando en el método authenticationManager() de la clase ProyectoFinal.Banco.seguridad.SeguridadConfig$$SpringCGLIB$$0
2024-02-21T13:24:05.387+01:00  INFO 12404 --- [main] P.Banco.seguridad.LogAspecto             : Saliendo del método authenticationManager() de la clase ProyectoFinal.Banco.seguridad.SeguridadConfig$$SpringCGLIB$$0
2024-02-21T13:24:05.416+01:00  WARN 12404 --- [main] JpaBaseConfiguration$JpaWebConfiguration : spring.jpa.open-in-view is enabled by default. Therefore, database queries may be performed during view rendering. Explicitly configure spring.jpa.open-in-view to disable this warning
2024-02-21T13:24:05.525+01:00  INFO 12404 --- [main] P.Banco.seguridad.LogAspecto             : Entrando en el método filterChain() de la clase ProyectoFinal.Banco.seguridad.SeguridadConfig$$SpringCGLIB$$0
2024-02-21T13:24:05.565+01:00  INFO 12404 --- [main] o.s.b.a.w.s.WelcomePageHandlerMapping    : Adding welcome page template: index
2024-02-21T13:24:06.532+01:00  INFO 12404 --- [main] o.s.s.web.DefaultSecurityFilterChain     : Will secure any request with [org.springframework.security.web.session.DisableEncodeUrlFilter@1dfd3635, org.springframework.security.web.context.request.async.WebAsyncManagerIntegrationFilter@e14559e, org.springframework.security.web.context.SecurityContextHolderFilter@106c73ed, org.springframework.security.web.header.HeaderWriterFilter@3a1540be, org.springframework.web.filter.CorsFilter@7a0eb939, org.springframework.security.web.csrf.CsrfFilter@7ef8899d, org.springframework.security.web.authentication.logout.LogoutFilter@72ae1007, org.springframework.security.web.authentication.UsernamePasswordAuthenticationFilter@59f5a376, org.springframework.security.web.savedrequest.RequestCacheAwareFilter@122a6078, org.springframework.security.web.servletapi.SecurityContextHolderAwareRequestFilter@6980fa39, org.springframework.security.web.authentication.AnonymousAuthenticationFilter@54a7d1b9, org.springframework.security.web.access.ExceptionTranslationFilter@19f9287a, org.springframework.security.web.access.intercept.AuthorizationFilter@602e7a9e]
2024-02-21T13:24:06.532+01:00  INFO 12404 --- [main] P.Banco.seguridad.LogAspecto             : Saliendo del método filterChain() de la clase ProyectoFinal.Banco.seguridad.SeguridadConfig$$SpringCGLIB$$0
2024-02-21T13:24:07.090+01:00  INFO 12404 --- [main] o.s.b.w.embedded.tomcat.TomcatWebServer  : Tomcat started on port 8080 (http) with context path ''
2024-02-21T13:24:07.100+01:00  INFO 12404 --- [main] ProyectoFinal.Banco.BancoApplication     : Started BancoApplication in 7.669 seconds (process running for 8.086)
2024-02-21T13:24:07.105+01:00  INFO 12404 --- [main] P.Banco.seguridad.LogAspecto             : Entrando en el método onApplicationReady() de la clase ProyectoFinal.Banco.servicios.UsuarioServicioImpl
2024-02-21T13:24:07.124+01:00  INFO 12404 --- [main] P.Banco.seguridad.LogAspecto             : Entrando en el método existsByNombreUsuario() de la clase jdk.proxy2.$Proxy120
2024-02-21T13:24:07.280+01:00  INFO 12404 --- [main] P.Banco.seguridad.LogAspecto             : Saliendo del método existsByNombreUsuario() de la clase jdk.proxy2.$Proxy120
2024-02-21T13:24:07.281+01:00  INFO 12404 --- [main] P.Banco.seguridad.LogAspecto             : Saliendo del método onApplicationReady() de la clase ProyectoFinal.Banco.servicios.UsuarioServicioImpl
2024-02-21T13:24:14.375+01:00  INFO 12404 --- [http-nio-8080-exec-1] o.a.c.c.C.[Tomcat].[localhost].[/]       : Initializing Spring DispatcherServlet 'dispatcherServlet'
2024-02-21T13:24:14.376+01:00  INFO 12404 --- [http-nio-8080-exec-1] o.s.web.servlet.DispatcherServlet        : Initializing Servlet 'dispatcherServlet'
2024-02-21T13:24:14.379+01:00  INFO 12404 --- [http-nio-8080-exec-1] o.s.web.servlet.DispatcherServlet        : Completed initialization in 3 ms
2024-02-21T13:24:14.397+01:00  WARN 12404 --- [http-nio-8080-exec-1] o.s.w.s.h.HandlerMappingIntrospector     : Cache miss for REQUEST dispatch to '/privada/home' (previous null). Performing CorsConfiguration lookup. This is logged once only at WARN level, and every time at TRACE.
2024-02-21T13:24:14.414+01:00  WARN 12404 --- [http-nio-8080-exec-1] o.s.w.s.h.HandlerMappingIntrospector     : Cache miss for REQUEST dispatch to '/privada/home' (previous null). Performing MatchableHandlerMapping lookup. This is logged once only at WARN level, and every time at TRACE.
2024-02-21T13:24:14.476+01:00  INFO 12404 --- [http-nio-8080-exec-2] P.Banco.seguridad.LogAspecto             : Entrando en el método login() de la clase ProyectoFinal.Banco.controladores.LoginControlador
2024-02-21T13:24:14.478+01:00  INFO 12404 --- [http-nio-8080-exec-2] P.Banco.seguridad.LogAspecto             : Saliendo del método login() de la clase ProyectoFinal.Banco.controladores.LoginControlador
2024-02-21T13:24:15.054+01:00  INFO 12404 --- [http-nio-8080-exec-9] P.Banco.seguridad.LogAspecto             : Entrando en el método login() de la clase ProyectoFinal.Banco.controladores.LoginControlador
2024-02-21T13:24:15.054+01:00  INFO 12404 --- [http-nio-8080-exec-9] P.Banco.seguridad.LogAspecto             : Saliendo del método login() de la clase ProyectoFinal.Banco.controladores.LoginControlador
2024-02-21T13:24:17.849+01:00  INFO 12404 --- [http-nio-8080-exec-10] P.Banco.seguridad.LogAspecto             : Entrando en el método loadUserByUsername() de la clase ProyectoFinal.Banco.seguridad.UserDetailsServiceImpl
2024-02-21T13:24:17.851+01:00  INFO 12404 --- [http-nio-8080-exec-10] P.Banco.seguridad.LogAspecto             : Entrando en el método findFirstByEmailUsuario() de la clase jdk.proxy2.$Proxy120
2024-02-21T13:24:17.887+01:00  INFO 12404 --- [http-nio-8080-exec-10] P.Banco.seguridad.LogAspecto             : Saliendo del método findFirstByEmailUsuario() de la clase jdk.proxy2.$Proxy120
2024-02-21T13:24:17.890+01:00  INFO 12404 --- [http-nio-8080-exec-10] P.Banco.seguridad.LogAspecto             : Saliendo del método loadUserByUsername() de la clase ProyectoFinal.Banco.seguridad.UserDetailsServiceImpl
2024-02-21T13:24:17.978+01:00  INFO 12404 --- [http-nio-8080-exec-1] P.Banco.seguridad.LogAspecto             : Entrando en el método loginCorrecto() de la clase ProyectoFinal.Banco.controladores.bancoControlador
2024-02-21T13:24:17.979+01:00  INFO 12404 --- [http-nio-8080-exec-1] P.Banco.seguridad.LogAspecto             : Entrando en el método buscarPorEmail() de la clase ProyectoFinal.Banco.servicios.UsuarioServicioImpl
2024-02-21T13:24:17.979+01:00  INFO 12404 --- [http-nio-8080-exec-1] P.Banco.seguridad.LogAspecto             : Entrando en el método findFirstByEmailUsuario() de la clase jdk.proxy2.$Proxy120
2024-02-21T13:24:17.991+01:00  INFO 12404 --- [http-nio-8080-exec-1] P.Banco.seguridad.LogAspecto             : Saliendo del método findFirstByEmailUsuario() de la clase jdk.proxy2.$Proxy120
2024-02-21T13:24:17.991+01:00  INFO 12404 --- [http-nio-8080-exec-1] P.Banco.seguridad.LogAspecto             : Saliendo del método buscarPorEmail() de la clase ProyectoFinal.Banco.servicios.UsuarioServicioImpl
2024-02-21T13:24:18.018+01:00  INFO 12404 --- [http-nio-8080-exec-1] P.Banco.seguridad.LogAspecto             : Entrando en el método obtenerTransaccionesDeUsuario() de la clase ProyectoFinal.Banco.servicios.TransaccionServicioImpl
2024-02-21T13:24:18.019+01:00  INFO 12404 --- [http-nio-8080-exec-1] P.Banco.seguridad.LogAspecto             : Entrando en el método findByUsuarioTransaccionRemitenteOrUsuarioTransaccionDestinatario() de la clase jdk.proxy2.$Proxy123
2024-02-21T13:24:18.045+01:00  INFO 12404 --- [http-nio-8080-exec-1] P.Banco.seguridad.LogAspecto             : Saliendo del método findByUsuarioTransaccionRemitenteOrUsuarioTransaccionDestinatario() de la clase jdk.proxy2.$Proxy123
2024-02-21T13:24:18.046+01:00  INFO 12404 --- [http-nio-8080-exec-1] P.Banco.seguridad.LogAspecto             : Saliendo del método obtenerTransaccionesDeUsuario() de la clase ProyectoFinal.Banco.servicios.TransaccionServicioImpl
2024-02-21T13:24:18.052+01:00  INFO 12404 --- [http-nio-8080-exec-1] P.Banco.seguridad.LogAspecto             : Saliendo del método loginCorrecto() de la clase ProyectoFinal.Banco.controladores.bancoControlador
2024-02-21T13:24:20.960+01:00  INFO 12404 --- [http-nio-8080-exec-4] P.Banco.seguridad.LogAspecto             : Entrando en el método nuevaCita() de la clase ProyectoFinal.Banco.controladores.citaControlador
2024-02-21T13:24:20.960+01:00  INFO 12404 --- [http-nio-8080-exec-4] P.Banco.seguridad.LogAspecto             : Entrando en el método buscarPorEmail() de la clase ProyectoFinal.Banco.servicios.UsuarioServicioImpl
2024-02-21T13:24:20.961+01:00  INFO 12404 --- [http-nio-8080-exec-4] P.Banco.seguridad.LogAspecto             : Entrando en el método findFirstByEmailUsuario() de la clase jdk.proxy2.$Proxy120
2024-02-21T13:24:20.966+01:00  INFO 12404 --- [http-nio-8080-exec-4] P.Banco.seguridad.LogAspecto             : Saliendo del método findFirstByEmailUsuario() de la clase jdk.proxy2.$Proxy120
2024-02-21T13:24:20.966+01:00  INFO 12404 --- [http-nio-8080-exec-4] P.Banco.seguridad.LogAspecto             : Saliendo del método buscarPorEmail() de la clase ProyectoFinal.Banco.servicios.UsuarioServicioImpl
2024-02-21T13:24:20.967+01:00  INFO 12404 --- [http-nio-8080-exec-4] P.Banco.seguridad.LogAspecto             : Entrando en el método obtenerOficinas() de la clase ProyectoFinal.Banco.servicios.OficinaServicioImpl
2024-02-21T13:24:20.971+01:00  INFO 12404 --- [http-nio-8080-exec-4] P.Banco.seguridad.LogAspecto             : Entrando en el método findAll() de la clase jdk.proxy2.$Proxy121
2024-02-21T13:24:20.987+01:00  INFO 12404 --- [http-nio-8080-exec-4] P.Banco.seguridad.LogAspecto             : Saliendo del método findAll() de la clase jdk.proxy2.$Proxy121
2024-02-21T13:24:20.987+01:00  INFO 12404 --- [http-nio-8080-exec-4] P.Banco.seguridad.LogAspecto             : Saliendo del método obtenerOficinas() de la clase ProyectoFinal.Banco.servicios.OficinaServicioImpl
2024-02-21T13:24:20.988+01:00  INFO 12404 --- [http-nio-8080-exec-4] P.Banco.seguridad.LogAspecto             : Saliendo del método nuevaCita() de la clase ProyectoFinal.Banco.controladores.citaControlador
2024-02-21T13:24:26.774+01:00  INFO 12404 --- [http-nio-8080-exec-6] P.Banco.seguridad.LogAspecto             : Entrando en el método nuevaCitaPost() de la clase ProyectoFinal.Banco.controladores.citaControlador
2024-02-21T13:24:26.775+01:00  INFO 12404 --- [http-nio-8080-exec-6] P.Banco.seguridad.LogAspecto             : Entrando en el método buscarPorEmail() de la clase ProyectoFinal.Banco.servicios.UsuarioServicioImpl
2024-02-21T13:24:26.775+01:00  INFO 12404 --- [http-nio-8080-exec-6] P.Banco.seguridad.LogAspecto             : Entrando en el método findFirstByEmailUsuario() de la clase jdk.proxy2.$Proxy120
2024-02-21T13:24:26.779+01:00  INFO 12404 --- [http-nio-8080-exec-6] P.Banco.seguridad.LogAspecto             : Saliendo del método findFirstByEmailUsuario() de la clase jdk.proxy2.$Proxy120
2024-02-21T13:24:26.780+01:00  INFO 12404 --- [http-nio-8080-exec-6] P.Banco.seguridad.LogAspecto             : Saliendo del método buscarPorEmail() de la clase ProyectoFinal.Banco.servicios.UsuarioServicioImpl
2024-02-21T13:24:26.781+01:00  INFO 12404 --- [http-nio-8080-exec-6] P.Banco.seguridad.LogAspecto             : Entrando en el método registrarCita() de la clase ProyectoFinal.Banco.servicios.CitasServicioImpl
2024-02-21T13:24:26.781+01:00  INFO 12404 --- [http-nio-8080-exec-6] P.Banco.seguridad.LogAspecto             : Entrando en el método findByIdOficina() de la clase jdk.proxy2.$Proxy121
2024-02-21T13:24:26.785+01:00  INFO 12404 --- [http-nio-8080-exec-6] P.Banco.seguridad.LogAspecto             : Saliendo del método findByIdOficina() de la clase jdk.proxy2.$Proxy121
2024-02-21T13:24:26.789+01:00  INFO 12404 --- [http-nio-8080-exec-6] P.Banco.seguridad.LogAspecto             : Entrando en el método save() de la clase jdk.proxy2.$Proxy125
2024-02-21T13:24:26.819+01:00  INFO 12404 --- [http-nio-8080-exec-6] P.Banco.seguridad.LogAspecto             : Saliendo del método save() de la clase jdk.proxy2.$Proxy125
2024-02-21T13:24:26.819+01:00  INFO 12404 --- [http-nio-8080-exec-6] P.Banco.seguridad.LogAspecto             : Saliendo del método registrarCita() de la clase ProyectoFinal.Banco.servicios.CitasServicioImpl
2024-02-21T13:24:26.824+01:00  INFO 12404 --- [http-nio-8080-exec-6] P.Banco.seguridad.LogAspecto             : Saliendo del método nuevaCitaPost() de la clase ProyectoFinal.Banco.controladores.citaControlador
2024-02-21T13:24:26.849+01:00  INFO 12404 --- [http-nio-8080-exec-8] P.Banco.seguridad.LogAspecto             : Entrando en el método loginCorrecto() de la clase ProyectoFinal.Banco.controladores.bancoControlador
2024-02-21T13:24:26.849+01:00  INFO 12404 --- [http-nio-8080-exec-8] P.Banco.seguridad.LogAspecto             : Entrando en el método buscarPorEmail() de la clase ProyectoFinal.Banco.servicios.UsuarioServicioImpl
2024-02-21T13:24:26.849+01:00  INFO 12404 --- [http-nio-8080-exec-8] P.Banco.seguridad.LogAspecto             : Entrando en el método findFirstByEmailUsuario() de la clase jdk.proxy2.$Proxy120
2024-02-21T13:24:26.852+01:00  INFO 12404 --- [http-nio-8080-exec-8] P.Banco.seguridad.LogAspecto             : Saliendo del método findFirstByEmailUsuario() de la clase jdk.proxy2.$Proxy120
2024-02-21T13:24:26.852+01:00  INFO 12404 --- [http-nio-8080-exec-8] P.Banco.seguridad.LogAspecto             : Saliendo del método buscarPorEmail() de la clase ProyectoFinal.Banco.servicios.UsuarioServicioImpl
2024-02-21T13:24:26.854+01:00  INFO 12404 --- [http-nio-8080-exec-8] P.Banco.seguridad.LogAspecto             : Entrando en el método obtenerTransaccionesDeUsuario() de la clase ProyectoFinal.Banco.servicios.TransaccionServicioImpl
2024-02-21T13:24:26.854+01:00  INFO 12404 --- [http-nio-8080-exec-8] P.Banco.seguridad.LogAspecto             : Entrando en el método findByUsuarioTransaccionRemitenteOrUsuarioTransaccionDestinatario() de la clase jdk.proxy2.$Proxy123
2024-02-21T13:24:26.858+01:00  INFO 12404 --- [http-nio-8080-exec-8] P.Banco.seguridad.LogAspecto             : Saliendo del método findByUsuarioTransaccionRemitenteOrUsuarioTransaccionDestinatario() de la clase jdk.proxy2.$Proxy123
2024-02-21T13:24:26.858+01:00  INFO 12404 --- [http-nio-8080-exec-8] P.Banco.seguridad.LogAspecto             : Saliendo del método obtenerTransaccionesDeUsuario() de la clase ProyectoFinal.Banco.servicios.TransaccionServicioImpl
2024-02-21T13:24:26.860+01:00  INFO 12404 --- [http-nio-8080-exec-8] P.Banco.seguridad.LogAspecto             : Saliendo del método loginCorrecto() de la clase ProyectoFinal.Banco.controladores.bancoControlador
2024-02-21T13:24:28.921+01:00  INFO 12404 --- [http-nio-8080-exec-5] P.Banco.seguridad.LogAspecto             : Entrando en el método listarCitas() de la clase ProyectoFinal.Banco.controladores.citaControlador
2024-02-21T13:24:28.922+01:00  INFO 12404 --- [http-nio-8080-exec-5] P.Banco.seguridad.LogAspecto             : Entrando en el método buscarPorEmail() de la clase ProyectoFinal.Banco.servicios.UsuarioServicioImpl
2024-02-21T13:24:28.922+01:00  INFO 12404 --- [http-nio-8080-exec-5] P.Banco.seguridad.LogAspecto             : Entrando en el método findFirstByEmailUsuario() de la clase jdk.proxy2.$Proxy120
2024-02-21T13:24:28.926+01:00  INFO 12404 --- [http-nio-8080-exec-5] P.Banco.seguridad.LogAspecto             : Saliendo del método findFirstByEmailUsuario() de la clase jdk.proxy2.$Proxy120
2024-02-21T13:24:28.926+01:00  INFO 12404 --- [http-nio-8080-exec-5] P.Banco.seguridad.LogAspecto             : Saliendo del método buscarPorEmail() de la clase ProyectoFinal.Banco.servicios.UsuarioServicioImpl
2024-02-21T13:24:28.927+01:00  INFO 12404 --- [http-nio-8080-exec-5] P.Banco.seguridad.LogAspecto             : Entrando en el método buscarTodos() de la clase ProyectoFinal.Banco.servicios.CitasServicioImpl
2024-02-21T13:24:28.929+01:00  INFO 12404 --- [http-nio-8080-exec-5] P.Banco.seguridad.LogAspecto             : Entrando en el método findAll() de la clase jdk.proxy2.$Proxy125
2024-02-21T13:24:28.940+01:00  INFO 12404 --- [http-nio-8080-exec-5] P.Banco.seguridad.LogAspecto             : Saliendo del método findAll() de la clase jdk.proxy2.$Proxy125
2024-02-21T13:24:28.940+01:00  INFO 12404 --- [http-nio-8080-exec-5] P.Banco.seguridad.LogAspecto             : Saliendo del método buscarTodos() de la clase ProyectoFinal.Banco.servicios.CitasServicioImpl
2024-02-21T13:24:28.941+01:00  INFO 12404 --- [http-nio-8080-exec-5] P.Banco.seguridad.LogAspecto             : Saliendo del método listarCitas() de la clase ProyectoFinal.Banco.controladores.citaControlador
2024-02-21T13:24:31.201+01:00  INFO 12404 --- [http-nio-8080-exec-9] P.Banco.seguridad.LogAspecto             : Entrando en el método loginCorrecto() de la clase ProyectoFinal.Banco.controladores.bancoControlador
2024-02-21T13:24:31.202+01:00  INFO 12404 --- [http-nio-8080-exec-9] P.Banco.seguridad.LogAspecto             : Entrando en el método buscarPorEmail() de la clase ProyectoFinal.Banco.servicios.UsuarioServicioImpl
2024-02-21T13:24:31.202+01:00  INFO 12404 --- [http-nio-8080-exec-9] P.Banco.seguridad.LogAspecto             : Entrando en el método findFirstByEmailUsuario() de la clase jdk.proxy2.$Proxy120
2024-02-21T13:24:31.205+01:00  INFO 12404 --- [http-nio-8080-exec-9] P.Banco.seguridad.LogAspecto             : Saliendo del método findFirstByEmailUsuario() de la clase jdk.proxy2.$Proxy120
2024-02-21T13:24:31.206+01:00  INFO 12404 --- [http-nio-8080-exec-9] P.Banco.seguridad.LogAspecto             : Saliendo del método buscarPorEmail() de la clase ProyectoFinal.Banco.servicios.UsuarioServicioImpl
2024-02-21T13:24:31.207+01:00  INFO 12404 --- [http-nio-8080-exec-9] P.Banco.seguridad.LogAspecto             : Entrando en el método obtenerTransaccionesDeUsuario() de la clase ProyectoFinal.Banco.servicios.TransaccionServicioImpl
2024-02-21T13:24:31.208+01:00  INFO 12404 --- [http-nio-8080-exec-9] P.Banco.seguridad.LogAspecto             : Entrando en el método findByUsuarioTransaccionRemitenteOrUsuarioTransaccionDestinatario() de la clase jdk.proxy2.$Proxy123
2024-02-21T13:24:31.211+01:00  INFO 12404 --- [http-nio-8080-exec-9] P.Banco.seguridad.LogAspecto             : Saliendo del método findByUsuarioTransaccionRemitenteOrUsuarioTransaccionDestinatario() de la clase jdk.proxy2.$Proxy123
2024-02-21T13:24:31.211+01:00  INFO 12404 --- [http-nio-8080-exec-9] P.Banco.seguridad.LogAspecto             : Saliendo del método obtenerTransaccionesDeUsuario() de la clase ProyectoFinal.Banco.servicios.TransaccionServicioImpl
2024-02-21T13:24:31.214+01:00  INFO 12404 --- [http-nio-8080-exec-9] P.Banco.seguridad.LogAspecto             : Saliendo del método loginCorrecto() de la clase ProyectoFinal.Banco.controladores.bancoControlador
2024-02-21T13:25:03.002+01:00  INFO 12404 --- [http-nio-8080-exec-7] P.Banco.seguridad.LogAspecto             : Entrando en el método listarCitas() de la clase ProyectoFinal.Banco.controladores.citaControlador
2024-02-21T13:25:03.002+01:00  INFO 12404 --- [http-nio-8080-exec-7] P.Banco.seguridad.LogAspecto             : Entrando en el método buscarPorEmail() de la clase ProyectoFinal.Banco.servicios.UsuarioServicioImpl
2024-02-21T13:25:03.002+01:00  INFO 12404 --- [http-nio-8080-exec-7] P.Banco.seguridad.LogAspecto             : Entrando en el método findFirstByEmailUsuario() de la clase jdk.proxy2.$Proxy120
2024-02-21T13:25:03.005+01:00  INFO 12404 --- [http-nio-8080-exec-7] P.Banco.seguridad.LogAspecto             : Saliendo del método findFirstByEmailUsuario() de la clase jdk.proxy2.$Proxy120
2024-02-21T13:25:03.006+01:00  INFO 12404 --- [http-nio-8080-exec-7] P.Banco.seguridad.LogAspecto             : Saliendo del método buscarPorEmail() de la clase ProyectoFinal.Banco.servicios.UsuarioServicioImpl
2024-02-21T13:25:03.006+01:00  INFO 12404 --- [http-nio-8080-exec-7] P.Banco.seguridad.LogAspecto             : Entrando en el método buscarTodos() de la clase ProyectoFinal.Banco.servicios.CitasServicioImpl
2024-02-21T13:25:03.006+01:00  INFO 12404 --- [http-nio-8080-exec-7] P.Banco.seguridad.LogAspecto             : Entrando en el método findAll() de la clase jdk.proxy2.$Proxy125
2024-02-21T13:25:03.011+01:00  INFO 12404 --- [http-nio-8080-exec-7] P.Banco.seguridad.LogAspecto             : Saliendo del método findAll() de la clase jdk.proxy2.$Proxy125
2024-02-21T13:25:03.011+01:00  INFO 12404 --- [http-nio-8080-exec-7] P.Banco.seguridad.LogAspecto             : Saliendo del método buscarTodos() de la clase ProyectoFinal.Banco.servicios.CitasServicioImpl
2024-02-21T13:25:03.012+01:00  INFO 12404 --- [http-nio-8080-exec-7] P.Banco.seguridad.LogAspecto             : Saliendo del método listarCitas() de la clase ProyectoFinal.Banco.controladores.citaControlador
2024-02-21T13:25:07.314+01:00  INFO 12404 --- [http-nio-8080-exec-3] P.Banco.seguridad.LogAspecto             : Entrando en el método loginCorrecto() de la clase ProyectoFinal.Banco.controladores.bancoControlador
2024-02-21T13:25:07.314+01:00  INFO 12404 --- [http-nio-8080-exec-3] P.Banco.seguridad.LogAspecto             : Entrando en el método buscarPorEmail() de la clase ProyectoFinal.Banco.servicios.UsuarioServicioImpl
2024-02-21T13:25:07.314+01:00  INFO 12404 --- [http-nio-8080-exec-3] P.Banco.seguridad.LogAspecto             : Entrando en el método findFirstByEmailUsuario() de la clase jdk.proxy2.$Proxy120
2024-02-21T13:25:07.319+01:00  INFO 12404 --- [http-nio-8080-exec-3] P.Banco.seguridad.LogAspecto             : Saliendo del método findFirstByEmailUsuario() de la clase jdk.proxy2.$Proxy120
2024-02-21T13:25:07.319+01:00  INFO 12404 --- [http-nio-8080-exec-3] P.Banco.seguridad.LogAspecto             : Saliendo del método buscarPorEmail() de la clase ProyectoFinal.Banco.servicios.UsuarioServicioImpl
2024-02-21T13:25:07.321+01:00  INFO 12404 --- [http-nio-8080-exec-3] P.Banco.seguridad.LogAspecto             : Entrando en el método obtenerTransaccionesDeUsuario() de la clase ProyectoFinal.Banco.servicios.TransaccionServicioImpl
2024-02-21T13:25:07.321+01:00  INFO 12404 --- [http-nio-8080-exec-3] P.Banco.seguridad.LogAspecto             : Entrando en el método findByUsuarioTransaccionRemitenteOrUsuarioTransaccionDestinatario() de la clase jdk.proxy2.$Proxy123
2024-02-21T13:25:07.324+01:00  INFO 12404 --- [http-nio-8080-exec-3] P.Banco.seguridad.LogAspecto             : Saliendo del método findByUsuarioTransaccionRemitenteOrUsuarioTransaccionDestinatario() de la clase jdk.proxy2.$Proxy123
2024-02-21T13:25:07.324+01:00  INFO 12404 --- [http-nio-8080-exec-3] P.Banco.seguridad.LogAspecto             : Saliendo del método obtenerTransaccionesDeUsuario() de la clase ProyectoFinal.Banco.servicios.TransaccionServicioImpl
2024-02-21T13:25:07.325+01:00  INFO 12404 --- [http-nio-8080-exec-3] P.Banco.seguridad.LogAspecto             : Saliendo del método loginCorrecto() de la clase ProyectoFinal.Banco.controladores.bancoControlador
